<?xml version="1.0" encoding="UTF-8"?>
<robot generator="Robot 6.1.1 (Python 3.11.4 on win32)" generated="20240222 19:53:13.347" rpa="false" schemaversion="4">
<suite id="s1" name="Tests" source="c:\Users\Samuel\Documents\Robotframework\tests">
<suite id="s1-s1" name="Exercicio 1" source="c:\Users\Samuel\Documents\Robotframework\tests\exercicio 1.robot">
<test id="s1-s1-t1" name="Exercício 01" line="32">
<kw name="Exibir nome, idade, rua, numero, cep, bairro, cidade e estado no console a partir de um dicionário">
<kw name="Log" library="BuiltIn">
<arg>Olá, meu nome é ${PESSOA.nome1}, tenho ${Pessoa.idade1} anos e o meu endereço é ${Pessoa.rua1}, nº ${Pessoa.numero1}, cep ${Pessoa.cep1}, bairro ${Pessoa.bairro1}, cidade ${Pessoa.cidade1}, estado ${Pessoa.estado1}</arg>
<doc>Logs the given message with the given level.</doc>
<msg timestamp="20240222 19:53:13.428" level="INFO">Olá, meu nome é Alice Oliveira, tenho 18 anos e o meu endereço é Rua Frederico Hildebrand, nº 100, cep 13610-370, bairro Jardim Amália, cidade Leme, estado São Paulo</msg>
<status status="PASS" starttime="20240222 19:53:13.421" endtime="20240222 19:53:13.436"/>
</kw>
<kw name="Log" library="BuiltIn">
<arg>Olá, meu nome é ${PESSOA.nome2}, tenho ${Pessoa.idade2} anos e o meu endereço é ${Pessoa.rua2}, nº ${Pessoa.numero2}, cep ${Pessoa.cep2}, bairro ${Pessoa.bairro2}, cidade ${Pessoa.cidade2}, estado ${Pessoa.estado2}</arg>
<doc>Logs the given message with the given level.</doc>
<msg timestamp="20240222 19:53:13.445" level="INFO">Olá, meu nome é José da Silva, tenho 21 anos e o meu endereço é Rua Serra do Roncador, nº 100, cep 86065-590, bairro Bandeirantes, cidade Londrina, estado Paraná</msg>
<status status="PASS" starttime="20240222 19:53:13.438" endtime="20240222 19:53:13.445"/>
</kw>
<status status="PASS" starttime="20240222 19:53:13.418" endtime="20240222 19:53:13.446"/>
</kw>
<doc>Este teste realiza o Exercício 1 referente ao 2º desafio</doc>
<status status="PASS" starttime="20240222 19:53:13.415" endtime="20240222 19:53:13.447"/>
</test>
<doc>Exercício Dicionário</doc>
<status status="PASS" starttime="20240222 19:53:13.406" endtime="20240222 19:53:13.450"/>
</suite>
<suite id="s1-s2" name="Exercicio 2" source="c:\Users\Samuel\Documents\Robotframework\tests\exercicio 2.robot">
<test id="s1-s2-t1" name="Exercício 02" line="15">
<kw name="Calcular o ano de nascimento a partir da idade">
<arg>30</arg>
<kw name="Get Current Date" library="DateTime">
<var>${date}</var>
<doc>Returns current local or UTC time with an optional increment.</doc>
<msg timestamp="20240222 19:53:13.500" level="INFO">${date} = 2024-02-22 19:53:13.500</msg>
<status status="PASS" starttime="20240222 19:53:13.499" endtime="20240222 19:53:13.515"/>
</kw>
<kw name="Fetch From Left" library="String">
<var>${ano_atual}</var>
<arg>${date}</arg>
<arg>-</arg>
<doc>Returns contents of the ``string`` before the first occurrence of ``marker``.</doc>
<msg timestamp="20240222 19:53:13.518" level="INFO">${ano_atual} = 2024</msg>
<status status="PASS" starttime="20240222 19:53:13.516" endtime="20240222 19:53:13.519"/>
</kw>
<kw name="Log" library="BuiltIn">
<arg>${ano_atual}</arg>
<doc>Logs the given message with the given level.</doc>
<msg timestamp="20240222 19:53:13.522" level="INFO">2024</msg>
<status status="PASS" starttime="20240222 19:53:13.520" endtime="20240222 19:53:13.522"/>
</kw>
<kw name="Evaluate" library="BuiltIn">
<var>${ano_nascimento}</var>
<arg>${ano_atual} - ${idade}</arg>
<doc>Evaluates the given expression in Python and returns the result.</doc>
<msg timestamp="20240222 19:53:13.524" level="INFO">${ano_nascimento} = 1994</msg>
<status status="PASS" starttime="20240222 19:53:13.523" endtime="20240222 19:53:13.524"/>
</kw>
<kw name="Log" library="BuiltIn">
<arg>${ano_nascimento}</arg>
<doc>Logs the given message with the given level.</doc>
<msg timestamp="20240222 19:53:13.526" level="INFO">1994</msg>
<status status="PASS" starttime="20240222 19:53:13.525" endtime="20240222 19:53:13.526"/>
</kw>
<if>
<branch type="IF" condition="${ano_nascimento} &gt; ${ano_atual}">
<kw name="Log" library="BuiltIn">
<arg>Olá, gostaria de avisa-lo que você nasceu nesse século!</arg>
<doc>Logs the given message with the given level.</doc>
<status status="NOT RUN" starttime="20240222 19:53:13.530" endtime="20240222 19:53:13.530"/>
</kw>
<status status="NOT RUN" starttime="20240222 19:53:13.526" endtime="20240222 19:53:13.530"/>
</branch>
<branch type="ELSE IF" condition="${ano_nascimento} &lt; ${ano_atual}">
<kw name="Log" library="BuiltIn">
<arg>Olá, gostaria de avisa-lo que você nasceu no século passado!</arg>
<doc>Logs the given message with the given level.</doc>
<msg timestamp="20240222 19:53:13.532" level="INFO">Olá, gostaria de avisa-lo que você nasceu no século passado!</msg>
<status status="PASS" starttime="20240222 19:53:13.532" endtime="20240222 19:53:13.533"/>
</kw>
<status status="PASS" starttime="20240222 19:53:13.531" endtime="20240222 19:53:13.533"/>
</branch>
<branch type="ELSE">
<kw name="Fail" library="BuiltIn">
<doc>Fails the test with the given message and optionally alters its tags.</doc>
<status status="NOT RUN" starttime="20240222 19:53:13.535" endtime="20240222 19:53:13.535"/>
</kw>
<status status="NOT RUN" starttime="20240222 19:53:13.534" endtime="20240222 19:53:13.536"/>
</branch>
<status status="PASS" starttime="20240222 19:53:13.526" endtime="20240222 19:53:13.537"/>
</if>
<status status="PASS" starttime="20240222 19:53:13.498" endtime="20240222 19:53:13.538"/>
</kw>
<doc>Este teste realiza o Exercício 2 referente ao 2º desafio</doc>
<status status="PASS" starttime="20240222 19:53:13.494" endtime="20240222 19:53:13.545"/>
</test>
<doc>Exercício Argumentos e Retornos + If Simples</doc>
<status status="PASS" starttime="20240222 19:53:13.460" endtime="20240222 19:53:13.548"/>
</suite>
<suite id="s1-s3" name="Exercicio 3" source="c:\Users\Samuel\Documents\Robotframework\tests\exercicio 3.robot">
<test id="s1-s3-t1" name="Exercício 03" line="14">
<kw name="Exiba cada uma das frutas de uma lista usando um For Simples">
<kw name="Create List" library="BuiltIn">
<var>@{FRUTAS}</var>
<arg>morango</arg>
<arg>banana</arg>
<arg>maça</arg>
<arg>uva</arg>
<arg>açaí</arg>
<arg>manga</arg>
<arg>melancia</arg>
<arg>laranja</arg>
<arg>ameixa</arg>
<arg>pera</arg>
<doc>Returns a list containing given items.</doc>
<msg timestamp="20240222 19:53:13.579" level="INFO">@{FRUTAS} = [ morango | banana | maça | uva | açaí | manga | melancia | laranja | ameixa | pera ]</msg>
<status status="PASS" starttime="20240222 19:53:13.578" endtime="20240222 19:53:13.592"/>
</kw>
<for flavor="IN">
<var>${FRUTA}</var>
<value>@{FRUTAS}</value>
<iter>
<var name="${FRUTA}">morango</var>
<kw name="Log" library="BuiltIn">
<arg>${FRUTA}</arg>
<doc>Logs the given message with the given level.</doc>
<msg timestamp="20240222 19:53:13.607" level="INFO">morango</msg>
<status status="PASS" starttime="20240222 19:53:13.604" endtime="20240222 19:53:13.607"/>
</kw>
<status status="PASS" starttime="20240222 19:53:13.600" endtime="20240222 19:53:13.607"/>
</iter>
<iter>
<var name="${FRUTA}">banana</var>
<kw name="Log" library="BuiltIn">
<arg>${FRUTA}</arg>
<doc>Logs the given message with the given level.</doc>
<msg timestamp="20240222 19:53:13.611" level="INFO">banana</msg>
<status status="PASS" starttime="20240222 19:53:13.609" endtime="20240222 19:53:13.611"/>
</kw>
<status status="PASS" starttime="20240222 19:53:13.608" endtime="20240222 19:53:13.612"/>
</iter>
<iter>
<var name="${FRUTA}">maça</var>
<kw name="Log" library="BuiltIn">
<arg>${FRUTA}</arg>
<doc>Logs the given message with the given level.</doc>
<msg timestamp="20240222 19:53:13.615" level="INFO">maça</msg>
<status status="PASS" starttime="20240222 19:53:13.614" endtime="20240222 19:53:13.615"/>
</kw>
<status status="PASS" starttime="20240222 19:53:13.612" endtime="20240222 19:53:13.616"/>
</iter>
<iter>
<var name="${FRUTA}">uva</var>
<kw name="Log" library="BuiltIn">
<arg>${FRUTA}</arg>
<doc>Logs the given message with the given level.</doc>
<msg timestamp="20240222 19:53:13.618" level="INFO">uva</msg>
<status status="PASS" starttime="20240222 19:53:13.617" endtime="20240222 19:53:13.619"/>
</kw>
<status status="PASS" starttime="20240222 19:53:13.617" endtime="20240222 19:53:13.619"/>
</iter>
<iter>
<var name="${FRUTA}">açaí</var>
<kw name="Log" library="BuiltIn">
<arg>${FRUTA}</arg>
<doc>Logs the given message with the given level.</doc>
<msg timestamp="20240222 19:53:13.622" level="INFO">açaí</msg>
<status status="PASS" starttime="20240222 19:53:13.621" endtime="20240222 19:53:13.623"/>
</kw>
<status status="PASS" starttime="20240222 19:53:13.620" endtime="20240222 19:53:13.624"/>
</iter>
<iter>
<var name="${FRUTA}">manga</var>
<kw name="Log" library="BuiltIn">
<arg>${FRUTA}</arg>
<doc>Logs the given message with the given level.</doc>
<msg timestamp="20240222 19:53:13.627" level="INFO">manga</msg>
<status status="PASS" starttime="20240222 19:53:13.625" endtime="20240222 19:53:13.627"/>
</kw>
<status status="PASS" starttime="20240222 19:53:13.624" endtime="20240222 19:53:13.628"/>
</iter>
<iter>
<var name="${FRUTA}">melancia</var>
<kw name="Log" library="BuiltIn">
<arg>${FRUTA}</arg>
<doc>Logs the given message with the given level.</doc>
<msg timestamp="20240222 19:53:13.630" level="INFO">melancia</msg>
<status status="PASS" starttime="20240222 19:53:13.629" endtime="20240222 19:53:13.630"/>
</kw>
<status status="PASS" starttime="20240222 19:53:13.628" endtime="20240222 19:53:13.631"/>
</iter>
<iter>
<var name="${FRUTA}">laranja</var>
<kw name="Log" library="BuiltIn">
<arg>${FRUTA}</arg>
<doc>Logs the given message with the given level.</doc>
<msg timestamp="20240222 19:53:13.633" level="INFO">laranja</msg>
<status status="PASS" starttime="20240222 19:53:13.632" endtime="20240222 19:53:13.633"/>
</kw>
<status status="PASS" starttime="20240222 19:53:13.631" endtime="20240222 19:53:13.634"/>
</iter>
<iter>
<var name="${FRUTA}">ameixa</var>
<kw name="Log" library="BuiltIn">
<arg>${FRUTA}</arg>
<doc>Logs the given message with the given level.</doc>
<msg timestamp="20240222 19:53:13.639" level="INFO">ameixa</msg>
<status status="PASS" starttime="20240222 19:53:13.637" endtime="20240222 19:53:13.641"/>
</kw>
<status status="PASS" starttime="20240222 19:53:13.636" endtime="20240222 19:53:13.641"/>
</iter>
<iter>
<var name="${FRUTA}">pera</var>
<kw name="Log" library="BuiltIn">
<arg>${FRUTA}</arg>
<doc>Logs the given message with the given level.</doc>
<msg timestamp="20240222 19:53:13.643" level="INFO">pera</msg>
<status status="PASS" starttime="20240222 19:53:13.642" endtime="20240222 19:53:13.644"/>
</kw>
<status status="PASS" starttime="20240222 19:53:13.642" endtime="20240222 19:53:13.644"/>
</iter>
<status status="PASS" starttime="20240222 19:53:13.595" endtime="20240222 19:53:13.644"/>
</for>
<status status="PASS" starttime="20240222 19:53:13.576" endtime="20240222 19:53:13.645"/>
</kw>
<doc>Este teste realiza o Exercício 2 referente ao 2º desafio</doc>
<status status="PASS" starttime="20240222 19:53:13.574" endtime="20240222 19:53:13.648"/>
</test>
<doc>Exercício For Simples + Lista</doc>
<status status="PASS" starttime="20240222 19:53:13.553" endtime="20240222 19:53:13.653"/>
</suite>
<suite id="s1-s4" name="Exercicio 4" source="c:\Users\Samuel\Documents\Robotframework\tests\exercicio 4.robot">
<test id="s1-s4-t1" name="Exercício 04" line="16">
<kw name="Crie um loop que conte quantos números par existem entre 0 e 10, usando if inline">
<kw name="Create List" library="BuiltIn">
<var>@{numeros}</var>
<arg>0</arg>
<arg>1</arg>
<arg>2</arg>
<arg>3</arg>
<arg>4</arg>
<arg>5</arg>
<arg>6</arg>
<arg>7</arg>
<arg>8</arg>
<arg>9</arg>
<arg>10</arg>
<doc>Returns a list containing given items.</doc>
<msg timestamp="20240222 19:53:14.286" level="INFO">@{numeros} = [ 0 | 1 | 2 | 3 | 4 | 5 | 6 | 7 | 8 | 9 | 10 ]</msg>
<status status="PASS" starttime="20240222 19:53:14.285" endtime="20240222 19:53:14.287"/>
</kw>
<for flavor="IN RANGE">
<var>${numeros}</var>
<value>0</value>
<value>10</value>
<value>2</value>
<iter>
<var name="${numeros}">0</var>
<if>
<branch type="IF" condition="${numeros} == ${numeros}">
<continue>
<status status="PASS" starttime="20240222 19:53:14.291" endtime="20240222 19:53:14.291"/>
</continue>
<status status="PASS" starttime="20240222 19:53:14.290" endtime="20240222 19:53:14.292"/>
</branch>
<branch type="ELSE">
<kw name="Log" library="BuiltIn">
<arg>${numeros}</arg>
<doc>Logs the given message with the given level.</doc>
<status status="NOT RUN" starttime="20240222 19:53:14.292" endtime="20240222 19:53:14.292"/>
</kw>
<status status="NOT RUN" starttime="20240222 19:53:14.292" endtime="20240222 19:53:14.292"/>
</branch>
<status status="PASS" starttime="20240222 19:53:14.290" endtime="20240222 19:53:14.293"/>
</if>
<status status="PASS" starttime="20240222 19:53:14.289" endtime="20240222 19:53:14.293"/>
</iter>
<iter>
<var name="${numeros}">2</var>
<if>
<branch type="IF" condition="${numeros} == ${numeros}">
<continue>
<status status="PASS" starttime="20240222 19:53:14.294" endtime="20240222 19:53:14.294"/>
</continue>
<status status="PASS" starttime="20240222 19:53:14.293" endtime="20240222 19:53:14.294"/>
</branch>
<branch type="ELSE">
<kw name="Log" library="BuiltIn">
<arg>${numeros}</arg>
<doc>Logs the given message with the given level.</doc>
<status status="NOT RUN" starttime="20240222 19:53:14.294" endtime="20240222 19:53:14.295"/>
</kw>
<status status="NOT RUN" starttime="20240222 19:53:14.294" endtime="20240222 19:53:14.295"/>
</branch>
<status status="PASS" starttime="20240222 19:53:14.293" endtime="20240222 19:53:14.295"/>
</if>
<status status="PASS" starttime="20240222 19:53:14.293" endtime="20240222 19:53:14.295"/>
</iter>
<iter>
<var name="${numeros}">4</var>
<if>
<branch type="IF" condition="${numeros} == ${numeros}">
<continue>
<status status="PASS" starttime="20240222 19:53:14.296" endtime="20240222 19:53:14.296"/>
</continue>
<status status="PASS" starttime="20240222 19:53:14.296" endtime="20240222 19:53:14.296"/>
</branch>
<branch type="ELSE">
<kw name="Log" library="BuiltIn">
<arg>${numeros}</arg>
<doc>Logs the given message with the given level.</doc>
<status status="NOT RUN" starttime="20240222 19:53:14.297" endtime="20240222 19:53:14.297"/>
</kw>
<status status="NOT RUN" starttime="20240222 19:53:14.296" endtime="20240222 19:53:14.297"/>
</branch>
<status status="PASS" starttime="20240222 19:53:14.296" endtime="20240222 19:53:14.297"/>
</if>
<status status="PASS" starttime="20240222 19:53:14.295" endtime="20240222 19:53:14.297"/>
</iter>
<iter>
<var name="${numeros}">6</var>
<if>
<branch type="IF" condition="${numeros} == ${numeros}">
<continue>
<status status="PASS" starttime="20240222 19:53:14.298" endtime="20240222 19:53:14.298"/>
</continue>
<status status="PASS" starttime="20240222 19:53:14.298" endtime="20240222 19:53:14.298"/>
</branch>
<branch type="ELSE">
<kw name="Log" library="BuiltIn">
<arg>${numeros}</arg>
<doc>Logs the given message with the given level.</doc>
<status status="NOT RUN" starttime="20240222 19:53:14.300" endtime="20240222 19:53:14.300"/>
</kw>
<status status="NOT RUN" starttime="20240222 19:53:14.299" endtime="20240222 19:53:14.301"/>
</branch>
<status status="PASS" starttime="20240222 19:53:14.298" endtime="20240222 19:53:14.301"/>
</if>
<status status="PASS" starttime="20240222 19:53:14.298" endtime="20240222 19:53:14.301"/>
</iter>
<iter>
<var name="${numeros}">8</var>
<if>
<branch type="IF" condition="${numeros} == ${numeros}">
<continue>
<status status="PASS" starttime="20240222 19:53:14.303" endtime="20240222 19:53:14.303"/>
</continue>
<status status="PASS" starttime="20240222 19:53:14.302" endtime="20240222 19:53:14.304"/>
</branch>
<branch type="ELSE">
<kw name="Log" library="BuiltIn">
<arg>${numeros}</arg>
<doc>Logs the given message with the given level.</doc>
<status status="NOT RUN" starttime="20240222 19:53:14.304" endtime="20240222 19:53:14.304"/>
</kw>
<status status="NOT RUN" starttime="20240222 19:53:14.304" endtime="20240222 19:53:14.305"/>
</branch>
<status status="PASS" starttime="20240222 19:53:14.302" endtime="20240222 19:53:14.305"/>
</if>
<status status="PASS" starttime="20240222 19:53:14.302" endtime="20240222 19:53:14.305"/>
</iter>
<status status="PASS" starttime="20240222 19:53:14.288" endtime="20240222 19:53:14.306"/>
</for>
<status status="PASS" starttime="20240222 19:53:14.284" endtime="20240222 19:53:14.307"/>
</kw>
<doc>Este teste realiza o Exercício 4 referente ao 2º desafio</doc>
<status status="PASS" starttime="20240222 19:53:14.282" endtime="20240222 19:53:14.318"/>
</test>
<doc>Exercício If Inline + For in Range</doc>
<status status="PASS" starttime="20240222 19:53:13.660" endtime="20240222 19:53:14.324"/>
</suite>
<status status="PASS" starttime="20240222 19:53:13.357" endtime="20240222 19:53:14.330"/>
</suite>
<statistics>
<total>
<stat pass="4" fail="0" skip="0">All Tests</stat>
</total>
<tag>
</tag>
<suite>
<stat pass="4" fail="0" skip="0" id="s1" name="Tests">Tests</stat>
<stat pass="1" fail="0" skip="0" id="s1-s1" name="Exercicio 1">Tests.Exercicio 1</stat>
<stat pass="1" fail="0" skip="0" id="s1-s2" name="Exercicio 2">Tests.Exercicio 2</stat>
<stat pass="1" fail="0" skip="0" id="s1-s3" name="Exercicio 3">Tests.Exercicio 3</stat>
<stat pass="1" fail="0" skip="0" id="s1-s4" name="Exercicio 4">Tests.Exercicio 4</stat>
</suite>
</statistics>
<errors>
</errors>
</robot>
